<?xml version="1.0" encoding="UTF-8"?>
<!-- Generated by org.testng.reporters.JUnitXMLReporter -->
<testsuite ignored="0" hostname="Dharanidhar-PC" failures="1" tests="3" name="Test" time="30.694" errors="0" timestamp="2025-06-03T22:04:29 IST">
  <testcase classname="kiran.test.SubmitOrder" name="SubmitOrder" time="6.326"/>
  <testcase classname="kiran.test.SubmitOrder" name="SubmitOrder" time="5.677"/>
  <testcase classname="kiran.test.SubmitOrder" name="ValidateOrderPage" time="0.892">
    <failure type="java.lang.AssertionError" message="expected [ZARA COAT 3] but found [ADIDAS ORIGINAL]">
      <![CDATA[java.lang.AssertionError: expected [ZARA COAT 3] but found [ADIDAS ORIGINAL]
at kiran.test.SubmitOrder.ValidateOrderPage(SubmitOrder.java:46)
at java.base/java.util.ArrayList.forEach(ArrayList.java:1596)
at java.base/java.util.concurrent.FutureTask.run(FutureTask.java:317)
at java.base/java.util.concurrent.ThreadPoolExecutor.runWorker(ThreadPoolExecutor.java:1144)
at java.base/java.util.concurrent.ThreadPoolExecutor$Worker.run(ThreadPoolExecutor.java:642)
at java.base/java.lang.Thread.run(Thread.java:1583)
... Removed 21 stack frames]]>
    </failure>
  </testcase> <!-- ValidateOrderPage -->
</testsuite> <!-- Test -->
