<?xml version="1.0" encoding="UTF-8"?>
<testng-results retried="2" ignored="0" total="7" passed="4" failed="1" skipped="0">
  <reporter-output>
  </reporter-output>
  <suite started-at="2025-06-05T15:58:07 IST" name="OrderItemValidations" finished-at="2025-06-05T15:58:31 IST" duration-ms="24160">
    <groups>
      <group name="PurchaseOrder">
        <method signature="SubmitOrder.SubmitOrder(java.util.HashMap)[pri:0, instance:kiran.test.SubmitOrder@776a6d9b]" name="SubmitOrder" class="kiran.test.SubmitOrder"/>
      </group> <!-- PurchaseOrder -->
    </groups>
    <test started-at="2025-06-05T15:58:07 IST" name="Test" finished-at="2025-06-05T15:58:30 IST" duration-ms="23154">
      <class name="kiran.test.SubmitOrder">
        <test-method is-config="true" signature="InitinilizeDriver()[pri:0, instance:kiran.test.SubmitOrder@776a6d9b]" started-at="2025-06-05T15:58:07 IST" name="InitinilizeDriver" finished-at="2025-06-05T15:58:11 IST" duration-ms="4264" status="PASS">
          <reporter-output>
          </reporter-output>
        </test-method> <!-- InitinilizeDriver -->
        <test-method signature="SubmitOrder(java.util.HashMap)[pri:0, instance:kiran.test.SubmitOrder@776a6d9b]" started-at="2025-06-05T15:58:11 IST" name="SubmitOrder" data-provider="GetData" finished-at="2025-06-05T15:58:16 IST" duration-ms="5032" status="PASS">
          <params>
            <param index="0">
              <value>
                <![CDATA[{pass=Ilovecricket@123, item=ADIDAS ORIGINAL, email=dharanidhar220@gmail.com}]]>
              </value>
            </param>
          </params>
          <reporter-output>
          </reporter-output>
        </test-method> <!-- SubmitOrder -->
        <test-method is-config="true" signature="End()[pri:0, instance:kiran.test.SubmitOrder@776a6d9b]" started-at="2025-06-05T15:58:16 IST" name="End" finished-at="2025-06-05T15:58:16 IST" duration-ms="118" status="PASS">
          <reporter-output>
          </reporter-output>
        </test-method> <!-- End -->
        <test-method is-config="true" signature="InitinilizeDriver()[pri:0, instance:kiran.test.SubmitOrder@776a6d9b]" started-at="2025-06-05T15:58:16 IST" name="InitinilizeDriver" finished-at="2025-06-05T15:58:20 IST" duration-ms="3829" status="PASS">
          <reporter-output>
          </reporter-output>
        </test-method> <!-- InitinilizeDriver -->
        <test-method signature="SubmitOrder(java.util.HashMap)[pri:0, instance:kiran.test.SubmitOrder@776a6d9b]" started-at="2025-06-05T15:58:20 IST" name="SubmitOrder" data-provider="GetData" finished-at="2025-06-05T15:58:25 IST" duration-ms="4912" status="PASS">
          <params>
            <param index="0">
              <value>
                <![CDATA[{pass=Ilovecricket@123, item=ZARA COAT 3, email=dharanidhar2211@gmail.com}]]>
              </value>
            </param>
          </params>
          <reporter-output>
          </reporter-output>
        </test-method> <!-- SubmitOrder -->
        <test-method is-config="true" signature="End()[pri:0, instance:kiran.test.SubmitOrder@776a6d9b]" started-at="2025-06-05T15:58:25 IST" name="End" finished-at="2025-06-05T15:58:25 IST" duration-ms="73" status="PASS">
          <reporter-output>
          </reporter-output>
        </test-method> <!-- End -->
        <test-method is-config="true" signature="InitinilizeDriver()[pri:0, instance:kiran.test.SubmitOrder@776a6d9b]" started-at="2025-06-05T15:58:25 IST" name="InitinilizeDriver" finished-at="2025-06-05T15:58:29 IST" duration-ms="3917" status="PASS">
          <reporter-output>
          </reporter-output>
        </test-method> <!-- InitinilizeDriver -->
        <test-method signature="ValidateOrderPage()[pri:0, instance:kiran.test.SubmitOrder@776a6d9b]" started-at="2025-06-05T15:58:29 IST" name="ValidateOrderPage" finished-at="2025-06-05T15:58:30 IST" duration-ms="694" status="PASS">
          <reporter-output>
          </reporter-output>
        </test-method> <!-- ValidateOrderPage -->
        <test-method is-config="true" signature="End()[pri:0, instance:kiran.test.SubmitOrder@776a6d9b]" started-at="2025-06-05T15:58:30 IST" name="End" finished-at="2025-06-05T15:58:30 IST" duration-ms="82" status="PASS">
          <reporter-output>
          </reporter-output>
        </test-method> <!-- End -->
      </class> <!-- kiran.test.SubmitOrder -->
    </test> <!-- Test -->
    <test started-at="2025-06-05T15:58:07 IST" name="error" finished-at="2025-06-05T15:58:31 IST" duration-ms="24160">
      <class name="kiran.test.ErrorValidation">
        <test-method is-config="true" signature="InitinilizeDriver()[pri:0, instance:kiran.test.ErrorValidation@1cb346ea]" started-at="2025-06-05T15:58:07 IST" name="InitinilizeDriver" finished-at="2025-06-05T15:58:12 IST" duration-ms="5290" status="PASS">
          <reporter-output>
          </reporter-output>
        </test-method> <!-- InitinilizeDriver -->
        <test-method retried="true" signature="ErrorMSGTest()[pri:0, instance:kiran.test.ErrorValidation@1cb346ea]" started-at="2025-06-05T15:58:12 IST" name="ErrorMSGTest" finished-at="2025-06-05T15:58:12 IST" duration-ms="440" status="SKIP">
          <exception class="java.lang.AssertionError">
            <message>
              <![CDATA[expected [Incorrect email or passworda.] but found [Incorrect email or password.]]]>
            </message>
            <full-stacktrace>
              <![CDATA[java.lang.AssertionError: expected [Incorrect email or passworda.] but found [Incorrect email or password.]
at org.testng.Assert.fail(Assert.java:111)
at org.testng.Assert.failNotEquals(Assert.java:1590)
at org.testng.Assert.assertEqualsImpl(Assert.java:150)
at org.testng.Assert.assertEquals(Assert.java:132)
at org.testng.Assert.assertEquals(Assert.java:656)
at org.testng.Assert.assertEquals(Assert.java:666)
at kiran.test.ErrorValidation.ErrorMSGTest(ErrorValidation.java:32)
at java.base/jdk.internal.reflect.DirectMethodHandleAccessor.invoke(DirectMethodHandleAccessor.java:103)
at java.base/java.lang.reflect.Method.invoke(Method.java:580)
at org.testng.internal.invokers.MethodInvocationHelper.invokeMethod(MethodInvocationHelper.java:141)
at org.testng.internal.invokers.TestInvoker.invokeMethod(TestInvoker.java:687)
at org.testng.internal.invokers.TestInvoker.invokeTestMethod(TestInvoker.java:230)
at org.testng.internal.invokers.MethodRunner.runInSequence(MethodRunner.java:63)
at org.testng.internal.invokers.TestInvoker$MethodInvocationAgent.invoke(TestInvoker.java:995)
at org.testng.internal.invokers.TestInvoker.invokeTestMethods(TestInvoker.java:203)
at org.testng.internal.invokers.TestMethodWorker.invokeTestMethods(TestMethodWorker.java:154)
at org.testng.internal.invokers.TestMethodWorker.run(TestMethodWorker.java:134)
at java.base/java.util.ArrayList.forEach(ArrayList.java:1596)
at org.testng.TestRunner.privateRun(TestRunner.java:741)
at org.testng.TestRunner.run(TestRunner.java:616)
at org.testng.SuiteRunner.runTest(SuiteRunner.java:421)
at org.testng.SuiteRunner$SuiteWorker.run(SuiteRunner.java:463)
at org.testng.internal.thread.ThreadUtil.lambda$execute$0(ThreadUtil.java:64)
at java.base/java.util.concurrent.FutureTask.run(FutureTask.java:317)
at java.base/java.util.concurrent.ThreadPoolExecutor.runWorker(ThreadPoolExecutor.java:1144)
at java.base/java.util.concurrent.ThreadPoolExecutor$Worker.run(ThreadPoolExecutor.java:642)
at java.base/java.lang.Thread.run(Thread.java:1583)
]]>
            </full-stacktrace>
          </exception> <!-- java.lang.AssertionError -->
          <reporter-output>
          </reporter-output>
        </test-method> <!-- ErrorMSGTest -->
        <test-method is-config="true" signature="End()[pri:0, instance:kiran.test.ErrorValidation@1cb346ea]" started-at="2025-06-05T15:58:12 IST" name="End" finished-at="2025-06-05T15:58:13 IST" duration-ms="79" status="PASS">
          <reporter-output>
          </reporter-output>
        </test-method> <!-- End -->
        <test-method is-config="true" signature="InitinilizeDriver()[pri:0, instance:kiran.test.ErrorValidation@1cb346ea]" started-at="2025-06-05T15:58:13 IST" name="InitinilizeDriver" finished-at="2025-06-05T15:58:17 IST" duration-ms="3970" status="PASS">
          <reporter-output>
          </reporter-output>
        </test-method> <!-- InitinilizeDriver -->
        <test-method retried="true" signature="ErrorMSGTest()[pri:0, instance:kiran.test.ErrorValidation@1cb346ea]" started-at="2025-06-05T15:58:17 IST" name="ErrorMSGTest" finished-at="2025-06-05T15:58:17 IST" duration-ms="410" status="SKIP">
          <exception class="java.lang.AssertionError">
            <message>
              <![CDATA[expected [Incorrect email or passworda.] but found [Incorrect email or password.]]]>
            </message>
            <full-stacktrace>
              <![CDATA[java.lang.AssertionError: expected [Incorrect email or passworda.] but found [Incorrect email or password.]
at org.testng.Assert.fail(Assert.java:111)
at org.testng.Assert.failNotEquals(Assert.java:1590)
at org.testng.Assert.assertEqualsImpl(Assert.java:150)
at org.testng.Assert.assertEquals(Assert.java:132)
at org.testng.Assert.assertEquals(Assert.java:656)
at org.testng.Assert.assertEquals(Assert.java:666)
at kiran.test.ErrorValidation.ErrorMSGTest(ErrorValidation.java:32)
at java.base/jdk.internal.reflect.DirectMethodHandleAccessor.invoke(DirectMethodHandleAccessor.java:103)
at java.base/java.lang.reflect.Method.invoke(Method.java:580)
at org.testng.internal.invokers.MethodInvocationHelper.invokeMethod(MethodInvocationHelper.java:141)
at org.testng.internal.invokers.TestInvoker.invokeMethod(TestInvoker.java:687)
at org.testng.internal.invokers.TestInvoker.retryFailed(TestInvoker.java:269)
at org.testng.internal.invokers.MethodRunner.runInSequence(MethodRunner.java:76)
at org.testng.internal.invokers.TestInvoker$MethodInvocationAgent.invoke(TestInvoker.java:995)
at org.testng.internal.invokers.TestInvoker.invokeTestMethods(TestInvoker.java:203)
at org.testng.internal.invokers.TestMethodWorker.invokeTestMethods(TestMethodWorker.java:154)
at org.testng.internal.invokers.TestMethodWorker.run(TestMethodWorker.java:134)
at java.base/java.util.ArrayList.forEach(ArrayList.java:1596)
at org.testng.TestRunner.privateRun(TestRunner.java:741)
at org.testng.TestRunner.run(TestRunner.java:616)
at org.testng.SuiteRunner.runTest(SuiteRunner.java:421)
at org.testng.SuiteRunner$SuiteWorker.run(SuiteRunner.java:463)
at org.testng.internal.thread.ThreadUtil.lambda$execute$0(ThreadUtil.java:64)
at java.base/java.util.concurrent.FutureTask.run(FutureTask.java:317)
at java.base/java.util.concurrent.ThreadPoolExecutor.runWorker(ThreadPoolExecutor.java:1144)
at java.base/java.util.concurrent.ThreadPoolExecutor$Worker.run(ThreadPoolExecutor.java:642)
at java.base/java.lang.Thread.run(Thread.java:1583)
]]>
            </full-stacktrace>
          </exception> <!-- java.lang.AssertionError -->
          <reporter-output>
          </reporter-output>
        </test-method> <!-- ErrorMSGTest -->
        <test-method is-config="true" signature="End()[pri:0, instance:kiran.test.ErrorValidation@1cb346ea]" started-at="2025-06-05T15:58:17 IST" name="End" finished-at="2025-06-05T15:58:17 IST" duration-ms="103" status="PASS">
          <reporter-output>
          </reporter-output>
        </test-method> <!-- End -->
        <test-method is-config="true" signature="InitinilizeDriver()[pri:0, instance:kiran.test.ErrorValidation@1cb346ea]" started-at="2025-06-05T15:58:17 IST" name="InitinilizeDriver" finished-at="2025-06-05T15:58:21 IST" duration-ms="4021" status="PASS">
          <reporter-output>
          </reporter-output>
        </test-method> <!-- InitinilizeDriver -->
        <test-method signature="ErrorMSGTest()[pri:0, instance:kiran.test.ErrorValidation@1cb346ea]" started-at="2025-06-05T15:58:21 IST" name="ErrorMSGTest" finished-at="2025-06-05T15:58:22 IST" duration-ms="465" status="FAIL">
          <exception class="java.lang.AssertionError">
            <message>
              <![CDATA[expected [Incorrect email or passworda.] but found [Incorrect email or password.]]]>
            </message>
            <full-stacktrace>
              <![CDATA[java.lang.AssertionError: expected [Incorrect email or passworda.] but found [Incorrect email or password.]
at org.testng.Assert.fail(Assert.java:111)
at org.testng.Assert.failNotEquals(Assert.java:1590)
at org.testng.Assert.assertEqualsImpl(Assert.java:150)
at org.testng.Assert.assertEquals(Assert.java:132)
at org.testng.Assert.assertEquals(Assert.java:656)
at org.testng.Assert.assertEquals(Assert.java:666)
at kiran.test.ErrorValidation.ErrorMSGTest(ErrorValidation.java:32)
at java.base/jdk.internal.reflect.DirectMethodHandleAccessor.invoke(DirectMethodHandleAccessor.java:103)
at java.base/java.lang.reflect.Method.invoke(Method.java:580)
at org.testng.internal.invokers.MethodInvocationHelper.invokeMethod(MethodInvocationHelper.java:141)
at org.testng.internal.invokers.TestInvoker.invokeMethod(TestInvoker.java:687)
at org.testng.internal.invokers.TestInvoker.retryFailed(TestInvoker.java:269)
at org.testng.internal.invokers.MethodRunner.runInSequence(MethodRunner.java:76)
at org.testng.internal.invokers.TestInvoker$MethodInvocationAgent.invoke(TestInvoker.java:995)
at org.testng.internal.invokers.TestInvoker.invokeTestMethods(TestInvoker.java:203)
at org.testng.internal.invokers.TestMethodWorker.invokeTestMethods(TestMethodWorker.java:154)
at org.testng.internal.invokers.TestMethodWorker.run(TestMethodWorker.java:134)
at java.base/java.util.ArrayList.forEach(ArrayList.java:1596)
at org.testng.TestRunner.privateRun(TestRunner.java:741)
at org.testng.TestRunner.run(TestRunner.java:616)
at org.testng.SuiteRunner.runTest(SuiteRunner.java:421)
at org.testng.SuiteRunner$SuiteWorker.run(SuiteRunner.java:463)
at org.testng.internal.thread.ThreadUtil.lambda$execute$0(ThreadUtil.java:64)
at java.base/java.util.concurrent.FutureTask.run(FutureTask.java:317)
at java.base/java.util.concurrent.ThreadPoolExecutor.runWorker(ThreadPoolExecutor.java:1144)
at java.base/java.util.concurrent.ThreadPoolExecutor$Worker.run(ThreadPoolExecutor.java:642)
at java.base/java.lang.Thread.run(Thread.java:1583)
]]>
            </full-stacktrace>
          </exception> <!-- java.lang.AssertionError -->
          <reporter-output>
          </reporter-output>
        </test-method> <!-- ErrorMSGTest -->
        <test-method is-config="true" signature="End()[pri:0, instance:kiran.test.ErrorValidation@1cb346ea]" started-at="2025-06-05T15:58:22 IST" name="End" finished-at="2025-06-05T15:58:22 IST" duration-ms="255" status="PASS">
          <reporter-output>
          </reporter-output>
        </test-method> <!-- End -->
        <test-method is-config="true" signature="InitinilizeDriver()[pri:0, instance:kiran.test.ErrorValidation@1cb346ea]" started-at="2025-06-05T15:58:22 IST" name="InitinilizeDriver" finished-at="2025-06-05T15:58:27 IST" duration-ms="4449" status="PASS">
          <reporter-output>
          </reporter-output>
        </test-method> <!-- InitinilizeDriver -->
        <test-method signature="OrderErrorTest()[pri:0, instance:kiran.test.ErrorValidation@1cb346ea]" started-at="2025-06-05T15:58:27 IST" name="OrderErrorTest" finished-at="2025-06-05T15:58:31 IST" duration-ms="4166" status="PASS">
          <reporter-output>
          </reporter-output>
        </test-method> <!-- OrderErrorTest -->
        <test-method is-config="true" signature="End()[pri:0, instance:kiran.test.ErrorValidation@1cb346ea]" started-at="2025-06-05T15:58:31 IST" name="End" finished-at="2025-06-05T15:58:31 IST" duration-ms="90" status="PASS">
          <reporter-output>
          </reporter-output>
        </test-method> <!-- End -->
      </class> <!-- kiran.test.ErrorValidation -->
    </test> <!-- error -->
  </suite> <!-- OrderItemValidations -->
</testng-results>
